<?xml version="1.0" encoding="UTF-8"?>
<testsuite name="ChromaticIndexGraphTaskTest" tests="5" skipped="0" failures="0" errors="0" timestamp="2021-12-11T19:36:01" hostname="DESKTOP-4PSPMD9" time="0.026">
  <properties/>
  <testcase name="Chromatic index of FCZNw should be 6()" classname="ChromaticIndexGraphTaskTest" time="0.022"/>
  <testcase name="Chromatic index of FCxv? should be 4()" classname="ChromaticIndexGraphTaskTest" time="0.001"/>
  <testcase name="Chromatic index of EUZo should be 4()" classname="ChromaticIndexGraphTaskTest" time="0.001"/>
  <testcase name="Chromatic index of EEhw should be 4()" classname="ChromaticIndexGraphTaskTest" time="0.0"/>
  <testcase name="Chromatic index of FC~~w should be 6()" classname="ChromaticIndexGraphTaskTest" time="0.0"/>
  <system-out><![CDATA[]]></system-out>
  <system-err><![CDATA[]]></system-err>
</testsuite>
